<?xml version="1.0" encoding="UTF-8"?>
<!-- Generated by org.testng.reporters.JUnitXMLReporter -->
<testsuite ignored="0" hostname="DESKTOP-VV5GALI" failures="1" tests="1" name="Opencart" time="29.426" errors="0" timestamp="2024-06-20T10:44:35 IST">
  <testcase classname="testCases.TC_002_LoginTest" name="Verify_loginTest" time="18.575">
    <failure type="java.lang.AssertionError" message="Login Failed: expected [true] but found [false]">
      <![CDATA[java.lang.AssertionError: Login Failed: expected [true] but found [false]
at testCases.TC_002_LoginTest.Verify_loginTest(TC_002_LoginTest.java:31)
at java.base/java.util.ArrayList.forEach(ArrayList.java:1511)
... Removed 33 stack frames]]>
    </failure>
  </testcase> <!-- Verify_loginTest -->
</testsuite> <!-- Opencart -->
